<?xml version="1.0" encoding="UTF-8"?>
<testsuite xmlns:xsi="http://www.w3.org/2001/XMLSchema-instance" xsi:noNamespaceSchemaLocation="https://maven.apache.org/surefire/maven-surefire-plugin/xsd/surefire-test-report.xsd" version="3.0.2" name="edu.eci.cvds.parcial.ECICredit.EciCreditApplicationTests" time="6.788" tests="1" errors="0" skipped="0" failures="0">
  <properties>
[...]
</properties>
  <testcase name="contextLoads" classname="edu.eci.cvds.parcial.ECICredit.EciCreditApplicationTests" time="0.039">
    <system-out><![CDATA[14:37:10.352 [main] INFO org.springframework.test.context.support.AnnotationConfigContextLoaderUtils -- Could not detect default configuration classes for test class [edu.eci.cvds.parcial.ECICredit.EciCreditApplicationTests]: EciCreditApplicationTests does not declare any static, non-private, non-final, nested classes annotated with @Configuration.
14:37:10.507 [main] INFO org.springframework.boot.test.context.SpringBootTestContextBootstrapper -- Found @SpringBootConfiguration edu.eci.cvds.parcial.ECICredit.EciCreditApplication for test class edu.eci.cvds.parcial.ECICredit.EciCreditApplicationTests

  .   ____          _            __ _ _
 /\\ / ___'_ __ _ _(_)_ __  __ _ \ \ \ \
( ( )\___ | '_ | '_| | '_ \/ _` | \ \ \ \
 \\/  ___)| |_)| | | | | || (_| |  ) ) ) )
  '  |____| .__|_| |_|_| |_\__, | / / / /
 =========|_|==============|___/=/_/_/_/

 :: Spring Boot ::                (v3.4.4)

2025-03-27T14:37:12.747-05:00  INFO 9976 --- [ECICredit] [           main] e.e.c.p.E.EciCreditApplicationTests      : Starting EciCreditApplicationTests using Java 17.0.10 with PID 9976 (started by geronimo.martinez-n in C:\Users\geronimo.martinez-n\Downloads\CVDS_SegundoParcial)
2025-03-27T14:37:12.750-05:00  INFO 9976 --- [ECICredit] [           main] e.e.c.p.E.EciCreditApplicationTests      : No active profile set, falling back to 1 default profile: "default"
2025-03-27T14:37:13.648-05:00  INFO 9976 --- [ECICredit] [           main] .s.d.r.c.RepositoryConfigurationDelegate : Bootstrapping Spring Data MongoDB repositories in DEFAULT mode.
2025-03-27T14:37:13.739-05:00  INFO 9976 --- [ECICredit] [           main] .s.d.r.c.RepositoryConfigurationDelegate : Finished Spring Data repository scanning in 77 ms. Found 2 MongoDB repository interfaces.
2025-03-27T14:37:14.068-05:00  INFO 9976 --- [ECICredit] [           main] o.s.cloud.context.scope.GenericScope     : BeanFactory id=a76b0744-5d2d-337c-99de-6796206e3e8c
2025-03-27T14:37:14.630-05:00  INFO 9976 --- [ECICredit] [           main] org.mongodb.driver.client                : MongoClient with metadata {"application": {"name": "Cluster0"}, "driver": {"name": "mongo-java-driver|sync|spring-boot", "version": "5.2.1"}, "os": {"type": "Windows", "name": "Windows 11", "architecture": "amd64", "version": "10.0"}, "platform": "Java/Oracle Corporation/17.0.10+11-LTS-240"} created with settings MongoClientSettings{readPreference=primary, writeConcern=WriteConcern{w=majority, wTimeout=null ms, journal=null}, retryWrites=true, retryReads=true, readConcern=ReadConcern{level=null}, credential=MongoCredential{mechanism=null, userName='MimiRandomS', source='admin', password=<hidden>, mechanismProperties=<hidden>}, transportSettings=null, commandListeners=[], codecRegistry=ProvidersCodecRegistry{codecProviders=[ValueCodecProvider{}, BsonValueCodecProvider{}, DBRefCodecProvider{}, DBObjectCodecProvider{}, DocumentCodecProvider{}, CollectionCodecProvider{}, IterableCodecProvider{}, MapCodecProvider{}, GeoJsonCodecProvider{}, GridFSFileCodecProvider{}, Jsr310CodecProvider{}, JsonObjectCodecProvider{}, BsonCodecProvider{}, EnumCodecProvider{}, com.mongodb.client.model.mql.ExpressionCodecProvider@1f5246e2, com.mongodb.Jep395RecordCodecProvider@2b34a1e0, com.mongodb.KotlinCodecProvider@7eaa78f2]}, loggerSettings=LoggerSettings{maxDocumentLength=1000}, clusterSettings={hosts=[127.0.0.1:27017], srvHost=cluster0.bwia9ft.mongodb.net, srvServiceName=mongodb, mode=MULTIPLE, requiredClusterType=REPLICA_SET, requiredReplicaSetName='atlas-duzrf4-shard-0', serverSelector='null', clusterListeners='[]', serverSelectionTimeout='30000 ms', localThreshold='15 ms'}, socketSettings=SocketSettings{connectTimeoutMS=10000, readTimeoutMS=0, receiveBufferSize=0, proxySettings=ProxySettings{host=null, port=null, username=null, password=null}}, heartbeatSocketSettings=SocketSettings{connectTimeoutMS=10000, readTimeoutMS=10000, receiveBufferSize=0, proxySettings=ProxySettings{host=null, port=null, username=null, password=null}}, connectionPoolSettings=ConnectionPoolSettings{maxSize=100, minSize=0, maxWaitTimeMS=120000, maxConnectionLifeTimeMS=0, maxConnectionIdleTimeMS=0, maintenanceInitialDelayMS=0, maintenanceFrequencyMS=60000, connectionPoolListeners=[], maxConnecting=2}, serverSettings=ServerSettings{heartbeatFrequencyMS=10000, minHeartbeatFrequencyMS=500, serverMonitoringMode=AUTO, serverListeners='[]', serverMonitorListeners='[]'}, sslSettings=SslSettings{enabled=true, invalidHostNameAllowed=false, context=null}, applicationName='Cluster0', compressorList=[], uuidRepresentation=JAVA_LEGACY, serverApi=null, autoEncryptionSettings=null, dnsClient=null, inetAddressResolver=null, contextProvider=null, timeoutMS=null}
2025-03-27T14:37:16.638-05:00  INFO 9976 --- [ECICredit] [9ft.mongodb.net] org.mongodb.driver.cluster               : Adding discovered server ac-axelljy-shard-00-01.bwia9ft.mongodb.net:27017 to client view of cluster
2025-03-27T14:37:16.676-05:00  INFO 9976 --- [ECICredit] [9ft.mongodb.net] org.mongodb.driver.cluster               : Adding discovered server ac-axelljy-shard-00-02.bwia9ft.mongodb.net:27017 to client view of cluster
2025-03-27T14:37:16.680-05:00  INFO 9976 --- [ECICredit] [9ft.mongodb.net] org.mongodb.driver.cluster               : Adding discovered server ac-axelljy-shard-00-00.bwia9ft.mongodb.net:27017 to client view of cluster
2025-03-27T14:37:16.873-05:00  INFO 9976 --- [ECICredit] [           main] o.s.cloud.commons.util.InetUtils         : Cannot determine local hostname
2025-03-27T14:37:16.965-05:00  INFO 9976 --- [ECICredit] [           main] e.e.c.p.E.EciCreditApplicationTests      : Started EciCreditApplicationTests in 6.104 seconds (process running for 12.636)
]]></system-out>
  </testcase>
</testsuite>